<?xml version="1.0" encoding="UTF-8"?>
<!-- Generated by org.testng.reporters.JUnitReportReporter -->
<testsuite hostname="DESKTOP-V2ONJQQ" failures="0" tests="1" name="com.qa.barcode.BarCodeTest" time="6.989" errors="0" timestamp="2023-03-15T20:38:57 IST" skipped="0">
  <testcase classname="com.qa.barcode.BarCodeTest" name="barCodeTest" time="6.989"/>
  <system-out/>
</testsuite> <!-- com.qa.barcode.BarCodeTest -->
